<?xml version="1.0" encoding="UTF-8"?>
<!-- Generated by org.testng.reporters.JUnitXMLReporter -->
<testsuite hostname="iDeliver36" name="Default test" tests="4" failures="0" timestamp="12 Nov 2020 15:56:48 GMT" time="0.121" errors="0">
  <testcase name="@BeforeClass init" time="0.0" classname="com.AP.qa.test.TC001_Single_Product_Checkout">
    <failure type="org.testng.TestNGException" message="
Parameter &amp;apos;Browser&amp;apos; is required by @Configuration on method init but has not been marked @Optional or defined
in C:\Users\iDeliver36\AppData\Local\Temp\testng-eclipse--60733373\testng-customsuite.xml">
      <![CDATA[org.testng.TestNGException: 
Parameter 'Browser' is required by @Configuration on method init but has not been marked @Optional or defined
in C:\Users\iDeliver36\AppData\Local\Temp\testng-eclipse--60733373\testng-customsuite.xml
	at org.testng.internal.Parameters.createParameters(Parameters.java:159)
	at org.testng.internal.Parameters.createParameters(Parameters.java:372)
	at org.testng.internal.Parameters.createConfigurationParameters(Parameters.java:90)
	at org.testng.internal.Invoker.invokeConfigurations(Invoker.java:199)
	at org.testng.internal.Invoker.invokeConfigurations(Invoker.java:140)
	at org.testng.internal.TestMethodWorker.invokeBeforeClassMethods(TestMethodWorker.java:170)
	at org.testng.internal.TestMethodWorker.run(TestMethodWorker.java:104)
	at org.testng.TestRunner.privateRun(TestRunner.java:771)
	at org.testng.TestRunner.run(TestRunner.java:621)
	at org.testng.SuiteRunner.runTest(SuiteRunner.java:357)
	at org.testng.SuiteRunner.runSequentially(SuiteRunner.java:352)
	at org.testng.SuiteRunner.privateRun(SuiteRunner.java:310)
	at org.testng.SuiteRunner.run(SuiteRunner.java:259)
	at org.testng.SuiteRunnerWorker.runSuite(SuiteRunnerWorker.java:52)
	at org.testng.SuiteRunnerWorker.run(SuiteRunnerWorker.java:86)
	at org.testng.TestNG.runSuitesSequentially(TestNG.java:1200)
	at org.testng.TestNG.runSuitesLocally(TestNG.java:1125)
	at org.testng.TestNG.run(TestNG.java:1033)
	at org.testng.remote.RemoteTestNG.run(RemoteTestNG.java:111)
	at org.testng.remote.RemoteTestNG.initAndRun(RemoteTestNG.java:204)
	at org.testng.remote.RemoteTestNG.main(RemoteTestNG.java:175)
]]>
    </failure>
  </testcase> <!-- @BeforeClass init -->
  <testcase name="@AfterClass Flush" time="0.0" classname="com.AP.qa.test.TC001_Single_Product_Checkout">
    <skipped/>
  </testcase> <!-- @AfterClass Flush -->
  <testcase name="LoginTest" time="0.003" classname="com.AP.qa.test.TC001_Single_Product_Checkout">
    <skipped/>
  </testcase> <!-- LoginTest -->
  <testcase name="BookingTest" time="0.0" classname="com.AP.qa.test.TC001_Single_Product_Checkout">
    <skipped/>
  </testcase> <!-- BookingTest -->
  <testcase name="PaymentTest" time="0.0" classname="com.AP.qa.test.TC001_Single_Product_Checkout">
    <skipped/>
  </testcase> <!-- PaymentTest -->
  <testcase name="LogoutTest" time="0.0" classname="com.AP.qa.test.TC001_Single_Product_Checkout">
    <skipped/>
  </testcase> <!-- LogoutTest -->
</testsuite> <!-- Default test -->
